<?xml version="1.0" encoding="UTF-8"?>
<!-- Generated by org.testng.reporters.JUnitReportReporter -->
<testsuite hostname="LAPTOP-J6JSJEKO" failures="0" tests="2" name="tea.testPassionpage" time="0.442" errors="0" timestamp="2021-09-04T13:10:41 IST" skipped="0">
  <testcase classname="tea.testPassionpage" name="testPageload" time="0.117"/>
  <system-out/>
  <testcase classname="tea.testPassionpage" name="testdoubleclick" time="0.325"/>
  <system-out/>
</testsuite> <!-- tea.testPassionpage -->
