<?xml version="1.0" encoding="UTF-8"?>
<!-- Generated by org.testng.reporters.JUnitReportReporter -->
<testsuite hostname="LAPTOP-J6JSJEKO" failures="0" tests="7" name="tea.testWelcomepage" time="37.137" errors="0" timestamp="2021-09-04T13:10:41 IST" skipped="0">
  <testcase classname="tea.testWelcomepage" name="testaddproduct" time="3.867"/>
  <system-out/>
  <testcase classname="tea.testWelcomepage" name="testWelcome" time="3.573"/>
  <system-out/>
  <testcase classname="tea.testWelcomepage" name="testMenu" time="3.619"/>
  <system-out/>
  <testcase classname="tea.testWelcomepage" name="testCheckout" time="3.999"/>
  <system-out/>
  <testcase classname="tea.testWelcomepage" name="testTalk" time="6.673"/>
  <system-out/>
  <testcase classname="tea.testWelcomepage" name="testPassion" time="4.055"/>
  <system-out/>
  <testcase classname="tea.testWelcomepage" name="testallLink" time="11.351"/>
  <system-out/>
</testsuite> <!-- tea.testWelcomepage -->
